Arguments: 
  E:\nodejs\node.exe C:\Users\Ovadia\AppData\Roaming\npm\node_modules\yarn\bin\yarn.js install

PATH: 
  C:\Python310\Scripts\;C:\Python310\;C:\Windows\system32;C:\Windows;C:\Windows\System32\Wbem;C:\Windows\System32\WindowsPowerShell\v1.0\;C:\Windows\System32\OpenSSH\;C:\Program Files\NVIDIA Corporation\NVIDIA NvDLISR;C:\Program Files (x86)\NVIDIA Corporation\PhysX\Common;E:\nodejs\;E:\Git\cmd;C:\ProgramData\chocolatey\bin;C:\Program Files\OpenJDK\openjdk-11.0.15_10\bin;C:\Users\Ovadia\AppData\Local\Microsoft\WindowsApps;E:\Microsoft VS Code\bin;C:\Users\Ovadia\AppData\Roaming\npm;C:\Users\Ovadia\AppData\Local\Android\Sdk\platform-tools;C:\Users\Ovadia\AppData\Local\GitHubDesktop\bin

Yarn version: 
  1.22.19

Node version: 
  16.15.0

Platform: 
  win32 x64

Trace: 
  SyntaxError: C:\Users\Ovadia\Desktop\GamingHood\package.json: Unexpected token } in JSON at position 192
      at JSON.parse (<anonymous>)
      at C:\Users\Ovadia\AppData\Roaming\npm\node_modules\yarn\lib\cli.js:1629:59
      at Generator.next (<anonymous>)
      at step (C:\Users\Ovadia\AppData\Roaming\npm\node_modules\yarn\lib\cli.js:310:30)
      at C:\Users\Ovadia\AppData\Roaming\npm\node_modules\yarn\lib\cli.js:321:13

npm manifest: 
  {
    "name": "GamingHood",
    "version": "1.0.0",
    "main": "index.js",
    "license": "MIT",
    "dependencies": {
      "axios": "^0.27.2",
      "cheerio": "^1.0.0-rc.11",
      "express": "4.17.1",
    },
    "devDependencies": {
      "nodemon": "2.0.7"
    }
  }

yarn manifest: 
  No manifest

Lockfile: 
  No lockfile
